Start testing: Oct 22 15:59 -03
----------------------------------------------------------
1/2 Testing: test_howto
1/2 Test: test_howto
Command: "/bin/sh" "/media/inatel-crr/Dados/Eddy/ModulosGNU/gr-howto/build/lib/test_howto_test.sh"
Directory: /media/inatel-crr/Dados/Eddy/ModulosGNU/gr-howto/build/lib
"test_howto" start time: Oct 22 15:59 -03
Output:
----------------------------------------------------------


<end of output>
Test time =   0.03 sec
----------------------------------------------------------
Test Passed.
"test_howto" end time: Oct 22 15:59 -03
"test_howto" time elapsed: 00:00:00
----------------------------------------------------------

2/2 Testing: qa_square_ff
2/2 Test: qa_square_ff
Command: "/bin/sh" "/media/inatel-crr/Dados/Eddy/ModulosGNU/gr-howto/build/python/qa_square_ff_test.sh"
Directory: /media/inatel-crr/Dados/Eddy/ModulosGNU/gr-howto/build/python
"qa_square_ff" start time: Oct 22 15:59 -03
Output:
----------------------------------------------------------
.
----------------------------------------------------------------------
Ran 1 test in 0.002s

OK
<end of output>
Test time =   0.29 sec
----------------------------------------------------------
Test Passed.
"qa_square_ff" end time: Oct 22 15:59 -03
"qa_square_ff" time elapsed: 00:00:00
----------------------------------------------------------

End testing: Oct 22 15:59 -03
